{"/Users/nueiei/Documents/Example/book-store/src/app.module.ts": {"path":"/Users/nueiei/Documents/Example/book-store/src/app.module.ts","statementMap":{"0":{"start":{"line":1,"column":0},"end":{"line":1,"column":40}},"1":{"start":{"line":2,"column":0},"end":{"line":2,"column":44}},"2":{"start":{"line":3,"column":0},"end":{"line":3,"column":73}},"3":{"start":{"line":4,"column":0},"end":{"line":4,"column":63}},"4":{"start":{"line":5,"column":0},"end":{"line":5,"column":67}},"5":{"start":{"line":6,"column":0},"end":{"line":6,"column":48}},"6":{"start":{"line":13,"column":7},"end":{"line":13,"column":null}},"7":{"start":{"line":13,"column":13},"end":{"line":13,"column":null}},"8":{"start":{"line":13,"column":13},"end":{"line":13,"column":22}}},"fnMap":{},"branchMap":{},"s":{"0":0,"1":0,"2":0,"3":0,"4":0,"5":0,"6":0,"7":0,"8":0},"f":{},"b":{}}
,"/Users/nueiei/Documents/Example/book-store/src/main.ts": {"path":"/Users/nueiei/Documents/Example/book-store/src/main.ts","statementMap":{"0":{"start":{"line":1,"column":0},"end":{"line":1,"column":56}},"1":{"start":{"line":2,"column":0},"end":{"line":2,"column":43}},"2":{"start":{"line":3,"column":0},"end":{"line":3,"column":82}},"3":{"start":{"line":4,"column":0},"end":{"line":4,"column":65}},"4":{"start":{"line":6,"column":0},"end":{"line":6,"column":38}},"5":{"start":{"line":7,"column":0},"end":{"line":7,"column":41}},"6":{"start":{"line":9,"column":0},"end":{"line":9,"column":59}},"7":{"start":{"line":12,"column":31},"end":{"line":12,"column":42}},"8":{"start":{"line":14,"column":16},"end":{"line":14,"column":97}},"9":{"start":{"line":16,"column":4},"end":{"line":16,"column":30}},"10":{"start":{"line":18,"column":4},"end":{"line":18,"column":39}},"11":{"start":{"line":19,"column":4},"end":{"line":19,"column":52}},"12":{"start":{"line":20,"column":4},"end":{"line":20,"column":81}},"13":{"start":{"line":22,"column":26},"end":{"line":36,"column":16}},"14":{"start":{"line":37,"column":21},"end":{"line":37,"column":69}},"15":{"start":{"line":38,"column":4},"end":{"line":38,"column":73}},"16":{"start":{"line":40,"column":4},"end":{"line":40,"column":45}},"17":{"start":{"line":42,"column":4},"end":{"line":42,"column":71}},"18":{"start":{"line":43,"column":4},"end":{"line":43,"column":51}},"19":{"start":{"line":45,"column":0},"end":{"line":45,"column":12}}},"fnMap":{"0":{"name":"bootstrap","decl":{"start":{"line":11,"column":15},"end":{"line":11,"column":24}},"loc":{"start":{"line":11,"column":24},"end":{"line":44,"column":1}}}},"branchMap":{},"s":{"0":0,"1":0,"2":0,"3":0,"4":0,"5":0,"6":0,"7":0,"8":0,"9":0,"10":0,"11":0,"12":0,"13":0,"14":0,"15":0,"16":0,"17":0,"18":0,"19":0},"f":{"0":0},"b":{}}
,"/Users/nueiei/Documents/Example/book-store/src/commons/decorators/auth.decorator.ts": {"path":"/Users/nueiei/Documents/Example/book-store/src/commons/decorators/auth.decorator.ts","statementMap":{"0":{"start":{"line":1,"column":0},"end":{"line":1,"column":60}},"1":{"start":{"line":2,"column":0},"end":{"line":2,"column":48}},"2":{"start":{"line":3,"column":0},"end":{"line":3,"column":49}},"3":{"start":{"line":6,"column":4},"end":{"line":6,"column":76}},"4":{"start":{"line":5,"column":0},"end":{"line":5,"column":16}}},"fnMap":{"0":{"name":"BearerAuth","decl":{"start":{"line":5,"column":16},"end":{"line":5,"column":26}},"loc":{"start":{"line":5,"column":26},"end":{"line":7,"column":1}}}},"branchMap":{},"s":{"0":0,"1":0,"2":0,"3":0,"4":0},"f":{"0":0},"b":{}}
,"/Users/nueiei/Documents/Example/book-store/src/commons/decorators/index.ts": {"path":"/Users/nueiei/Documents/Example/book-store/src/commons/decorators/index.ts","statementMap":{"0":{"start":{"line":1,"column":0},"end":{"line":1,"column":33}},"1":{"start":{"line":2,"column":0},"end":{"line":2,"column":33}}},"fnMap":{},"branchMap":{},"s":{"0":0,"1":0},"f":{},"b":{}}
,"/Users/nueiei/Documents/Example/book-store/src/commons/decorators/user.decorator.ts": {"path":"/Users/nueiei/Documents/Example/book-store/src/commons/decorators/user.decorator.ts","statementMap":{"0":{"start":{"line":1,"column":0},"end":{"line":1,"column":99}},"1":{"start":{"line":3,"column":0},"end":{"line":3,"column":40}},"2":{"start":{"line":6,"column":23},"end":{"line":6,"column":42}},"3":{"start":{"line":9,"column":8},"end":{"line":9,"column":51}},"4":{"start":{"line":9,"column":44},"end":{"line":9,"column":51}},"5":{"start":{"line":11,"column":8},"end":{"line":17,"column":10}},"6":{"start":{"line":21,"column":8},"end":{"line":21,"column":52}},"7":{"start":{"line":21,"column":45},"end":{"line":21,"column":52}},"8":{"start":{"line":23,"column":8},"end":{"line":29,"column":10}},"9":{"start":{"line":5,"column":0},"end":{"line":5,"column":13}},"10":{"start":{"line":32,"column":13},"end":{"line":37,"column":3}},"11":{"start":{"line":33,"column":20},"end":{"line":33,"column":51}},"12":{"start":{"line":34,"column":17},"end":{"line":34,"column":30}},"13":{"start":{"line":36,"column":4},"end":{"line":36,"column":32}}},"fnMap":{"0":{"name":"(anonymous_0)","decl":{"start":{"line":6,"column":4},"end":{"line":6,"column":23}},"loc":{"start":{"line":6,"column":42},"end":{"line":6,"column":46}}},"1":{"name":"(anonymous_1)","decl":{"start":{"line":8,"column":4},"end":{"line":8,"column":25}},"loc":{"start":{"line":8,"column":25},"end":{"line":18,"column":5}}},"2":{"name":"(anonymous_2)","decl":{"start":{"line":20,"column":4},"end":{"line":20,"column":26}},"loc":{"start":{"line":20,"column":26},"end":{"line":30,"column":5}}},"3":{"name":"(anonymous_3)","decl":{"start":{"line":32,"column":41},"end":{"line":32,"column":46}},"loc":{"start":{"line":32,"column":85},"end":{"line":37,"column":1}}}},"branchMap":{"0":{"loc":{"start":{"line":9,"column":8},"end":{"line":9,"column":51}},"type":"if","locations":[{"start":{"line":9,"column":8},"end":{"line":9,"column":51}}]},"1":{"loc":{"start":{"line":9,"column":12},"end":{"line":9,"column":27}},"type":"cond-expr","locations":[{"start":{"line":9,"column":21},"end":{"line":9,"column":23}},{"start":{"line":9,"column":21},"end":{"line":9,"column":27}}]},"2":{"loc":{"start":{"line":9,"column":12},"end":{"line":9,"column":23}},"type":"binary-expr","locations":[{"start":{"line":9,"column":12},"end":{"line":9,"column":23}},{"start":{"line":9,"column":21},"end":{"line":9,"column":23}}]},"3":{"loc":{"start":{"line":21,"column":8},"end":{"line":21,"column":52}},"type":"if","locations":[{"start":{"line":21,"column":8},"end":{"line":21,"column":52}}]},"4":{"loc":{"start":{"line":21,"column":12},"end":{"line":21,"column":27}},"type":"cond-expr","locations":[{"start":{"line":21,"column":21},"end":{"line":21,"column":23}},{"start":{"line":21,"column":21},"end":{"line":21,"column":27}}]},"5":{"loc":{"start":{"line":21,"column":12},"end":{"line":21,"column":23}},"type":"binary-expr","locations":[{"start":{"line":21,"column":12},"end":{"line":21,"column":23}},{"start":{"line":21,"column":21},"end":{"line":21,"column":23}}]}},"s":{"0":0,"1":0,"2":0,"3":0,"4":0,"5":0,"6":0,"7":0,"8":0,"9":0,"10":0,"11":0,"12":0,"13":0},"f":{"0":0,"1":0,"2":0,"3":0},"b":{"0":[0],"1":[0,0],"2":[0,0],"3":[0],"4":[0,0],"5":[0,0]}}
,"/Users/nueiei/Documents/Example/book-store/src/commons/enums/elasticsearch.enum.ts": {"path":"/Users/nueiei/Documents/Example/book-store/src/commons/enums/elasticsearch.enum.ts","statementMap":{"0":{"start":{"line":1,"column":0},"end":{"line":1,"column":null}},"1":{"start":{"line":2,"column":4},"end":{"line":2,"column":null}},"2":{"start":{"line":3,"column":4},"end":{"line":3,"column":null}},"3":{"start":{"line":4,"column":4},"end":{"line":4,"column":null}},"4":{"start":{"line":5,"column":4},"end":{"line":5,"column":null}}},"fnMap":{"0":{"name":"(anonymous_0)","decl":{"start":{"line":1,"column":0},"end":{"line":1,"column":12}},"loc":{"start":{"line":1,"column":21},"end":{"line":6,"column":1}}}},"branchMap":{"0":{"loc":{"start":{"line":1,"column":12},"end":{"line":1,"column":null}},"type":"binary-expr","locations":[{"start":{"line":1,"column":12},"end":{"line":1,"column":21}},{"start":{"line":1,"column":12},"end":{"line":1,"column":null}}]}},"s":{"0":2,"1":2,"2":2,"3":2,"4":2},"f":{"0":2},"b":{"0":[2,2]}}
,"/Users/nueiei/Documents/Example/book-store/src/commons/enums/index.ts": {"path":"/Users/nueiei/Documents/Example/book-store/src/commons/enums/index.ts","statementMap":{"0":{"start":{"line":1,"column":0},"end":{"line":1,"column":37}}},"fnMap":{},"branchMap":{},"s":{"0":2},"f":{},"b":{}}
,"/Users/nueiei/Documents/Example/book-store/src/commons/exceptions/exception.filter.ts": {"path":"/Users/nueiei/Documents/Example/book-store/src/commons/exceptions/exception.filter.ts","statementMap":{"0":{"start":{"line":1,"column":0},"end":{"line":1,"column":79}},"1":{"start":{"line":2,"column":0},"end":{"line":2,"column":44}},"2":{"start":{"line":6,"column":32},"end":{"line":20,"column":null}},"3":{"start":{"line":7,"column":12},"end":{"line":7,"column":58}},"4":{"start":{"line":10,"column":8},"end":{"line":10,"column":53}},"5":{"start":{"line":12,"column":20},"end":{"line":12,"column":39}},"6":{"start":{"line":13,"column":35},"end":{"line":13,"column":68}},"7":{"start":{"line":15,"column":8},"end":{"line":18,"column":52}},"8":{"start":{"line":6,"column":13},"end":{"line":20,"column":null}},"9":{"start":{"line":6,"column":13},"end":{"line":6,"column":32}}},"fnMap":{"0":{"name":"(anonymous_1)","decl":{"start":{"line":6,"column":7},"end":{"line":6,"column":13}},"loc":{"start":{"line":6,"column":7},"end":{"line":20,"column":1}}},"1":{"name":"(anonymous_2)","decl":{"start":{"line":9,"column":4},"end":{"line":9,"column":9}},"loc":{"start":{"line":9,"column":55},"end":{"line":19,"column":5}}}},"branchMap":{},"s":{"0":2,"1":2,"2":2,"3":0,"4":0,"5":0,"6":0,"7":0,"8":2,"9":2},"f":{"0":0,"1":0},"b":{}}
,"/Users/nueiei/Documents/Example/book-store/src/commons/exceptions/exception.ts": {"path":"/Users/nueiei/Documents/Example/book-store/src/commons/exceptions/exception.ts","statementMap":{"0":{"start":{"line":1,"column":0},"end":{"line":1,"column":59}},"1":{"start":{"line":5,"column":8},"end":{"line":5,"column":16}},"2":{"start":{"line":4,"column":24},"end":{"line":4,"column":40}},"3":{"start":{"line":4,"column":50},"end":{"line":4,"column":60}},"4":{"start":{"line":9,"column":8},"end":{"line":15,"column":10}},"5":{"start":{"line":3,"column":0},"end":{"line":3,"column":13}}},"fnMap":{"0":{"name":"(anonymous_0)","decl":{"start":{"line":4,"column":4},"end":{"line":4,"column":24}},"loc":{"start":{"line":4,"column":60},"end":{"line":6,"column":5}}},"1":{"name":"(anonymous_1)","decl":{"start":{"line":8,"column":4},"end":{"line":8,"column":25}},"loc":{"start":{"line":8,"column":25},"end":{"line":16,"column":5}}}},"branchMap":{},"s":{"0":2,"1":0,"2":0,"3":0,"4":0,"5":2},"f":{"0":0,"1":0},"b":{}}
,"/Users/nueiei/Documents/Example/book-store/src/commons/exceptions/index.ts": {"path":"/Users/nueiei/Documents/Example/book-store/src/commons/exceptions/index.ts","statementMap":{"0":{"start":{"line":1,"column":0},"end":{"line":1,"column":35}},"1":{"start":{"line":2,"column":0},"end":{"line":2,"column":28}}},"fnMap":{},"branchMap":{},"s":{"0":2,"1":2},"f":{},"b":{}}
,"/Users/nueiei/Documents/Example/book-store/src/commons/guards/auth.guard.ts": {"path":"/Users/nueiei/Documents/Example/book-store/src/commons/guards/auth.guard.ts","statementMap":{"0":{"start":{"line":1,"column":0},"end":{"line":1,"column":null}},"1":{"start":{"line":9,"column":0},"end":{"line":9,"column":47}},"2":{"start":{"line":10,"column":0},"end":{"line":10,"column":41}},"3":{"start":{"line":19,"column":22},"end":{"line":59,"column":null}},"4":{"start":{"line":22,"column":24},"end":{"line":22,"column":36}},"5":{"start":{"line":22,"column":56},"end":{"line":22,"column":71}},"6":{"start":{"line":20,"column":21},"end":{"line":20,"column":57}},"7":{"start":{"line":25,"column":24},"end":{"line":25,"column":72}},"8":{"start":{"line":26,"column":22},"end":{"line":26,"column":77}},"9":{"start":{"line":27,"column":8},"end":{"line":34,"column":14}},"10":{"start":{"line":28,"column":12},"end":{"line":34,"column":14}},"11":{"start":{"line":35,"column":8},"end":{"line":49,"column":null}},"12":{"start":{"line":36,"column":28},"end":{"line":36,"column":51}},"13":{"start":{"line":38,"column":12},"end":{"line":38,"column":36}},"14":{"start":{"line":39,"column":12},"end":{"line":39,"column":24}},"15":{"start":{"line":41,"column":12},"end":{"line":41,"column":35}},"16":{"start":{"line":42,"column":12},"end":{"line":48,"column":14}},"17":{"start":{"line":53,"column":30},"end":{"line":53,"column":71}},"18":{"start":{"line":55,"column":8},"end":{"line":57,"column":11}},"19":{"start":{"line":19,"column":13},"end":{"line":59,"column":null}},"20":{"start":{"line":19,"column":13},"end":{"line":19,"column":22}}},"fnMap":{"0":{"name":"(anonymous_2)","decl":{"start":{"line":22,"column":4},"end":{"line":22,"column":24}},"loc":{"start":{"line":22,"column":84},"end":{"line":22,"column":88}}},"1":{"name":"(anonymous_3)","decl":{"start":{"line":24,"column":4},"end":{"line":24,"column":9}},"loc":{"start":{"line":24,"column":47},"end":{"line":50,"column":5}}},"2":{"name":"(anonymous_4)","decl":{"start":{"line":52,"column":12},"end":{"line":52,"column":23}},"loc":{"start":{"line":52,"column":37},"end":{"line":58,"column":5}}}},"branchMap":{"0":{"loc":{"start":{"line":26,"column":22},"end":{"line":26,"column":77}},"type":"cond-expr","locations":[{"start":{"line":26,"column":51},"end":{"line":26,"column":53}},{"start":{"line":26,"column":51},"end":{"line":26,"column":77}}]},"1":{"loc":{"start":{"line":26,"column":22},"end":{"line":26,"column":53}},"type":"binary-expr","locations":[{"start":{"line":26,"column":22},"end":{"line":26,"column":53}},{"start":{"line":26,"column":51},"end":{"line":26,"column":53}}]},"2":{"loc":{"start":{"line":27,"column":8},"end":{"line":34,"column":14}},"type":"if","locations":[{"start":{"line":27,"column":8},"end":{"line":34,"column":14}}]}},"s":{"0":0,"1":0,"2":0,"3":0,"4":0,"5":0,"6":0,"7":0,"8":0,"9":0,"10":0,"11":0,"12":0,"13":0,"14":0,"15":0,"16":0,"17":0,"18":0,"19":0,"20":0},"f":{"0":0,"1":0,"2":0},"b":{"0":[0,0],"1":[0,0],"2":[0]}}
,"/Users/nueiei/Documents/Example/book-store/src/commons/interfaces/index.ts": {"path":"/Users/nueiei/Documents/Example/book-store/src/commons/interfaces/index.ts","statementMap":{"0":{"start":{"line":1,"column":0},"end":{"line":1,"column":35}},"1":{"start":{"line":2,"column":0},"end":{"line":2,"column":33}}},"fnMap":{},"branchMap":{},"s":{"0":0,"1":0},"f":{},"b":{}}
,"/Users/nueiei/Documents/Example/book-store/src/commons/modules/factory.ts": {"path":"/Users/nueiei/Documents/Example/book-store/src/commons/modules/factory.ts","statementMap":{"0":{"start":{"line":1,"column":0},"end":{"line":1,"column":37}},"1":{"start":{"line":6,"column":0},"end":{"line":6,"column":56}},"2":{"start":{"line":8,"column":39},"end":{"line":10,"column":2}},"3":{"start":{"line":8,"column":95},"end":{"line":10,"column":2}},"4":{"start":{"line":8,"column":13},"end":{"line":8,"column":39}},"5":{"start":{"line":12,"column":37},"end":{"line":17,"column":2}},"6":{"start":{"line":12,"column":85},"end":{"line":17,"column":2}},"7":{"start":{"line":12,"column":13},"end":{"line":12,"column":37}},"8":{"start":{"line":19,"column":35},"end":{"line":21,"column":2}},"9":{"start":{"line":19,"column":81},"end":{"line":21,"column":2}},"10":{"start":{"line":19,"column":13},"end":{"line":19,"column":35}}},"fnMap":{"0":{"name":"(anonymous_6)","decl":{"start":{"line":8,"column":39},"end":{"line":8,"column":40}},"loc":{"start":{"line":8,"column":95},"end":{"line":10,"column":2}}},"1":{"name":"(anonymous_7)","decl":{"start":{"line":12,"column":37},"end":{"line":12,"column":38}},"loc":{"start":{"line":12,"column":85},"end":{"line":17,"column":2}}},"2":{"name":"(anonymous_8)","decl":{"start":{"line":19,"column":35},"end":{"line":19,"column":36}},"loc":{"start":{"line":19,"column":81},"end":{"line":21,"column":2}}}},"branchMap":{},"s":{"0":2,"1":2,"2":2,"3":0,"4":2,"5":2,"6":0,"7":2,"8":2,"9":1,"10":2},"f":{"0":0,"1":0,"2":1},"b":{}}
,"/Users/nueiei/Documents/Example/book-store/src/commons/modules/index.ts": {"path":"/Users/nueiei/Documents/Example/book-store/src/commons/modules/index.ts","statementMap":{"0":{"start":{"line":1,"column":0},"end":{"line":1,"column":25}}},"fnMap":{},"branchMap":{},"s":{"0":2},"f":{},"b":{}}
,"/Users/nueiei/Documents/Example/book-store/src/commons/modules/module.ts": {"path":"/Users/nueiei/Documents/Example/book-store/src/commons/modules/module.ts","statementMap":{"0":{"start":{"line":1,"column":0},"end":{"line":1,"column":81}},"1":{"start":{"line":2,"column":0},"end":{"line":2,"column":53}},"2":{"start":{"line":3,"column":0},"end":{"line":3,"column":61}},"3":{"start":{"line":4,"column":0},"end":{"line":4,"column":60}},"4":{"start":{"line":5,"column":0},"end":{"line":5,"column":40}},"5":{"start":{"line":6,"column":0},"end":{"line":6,"column":96}},"6":{"start":{"line":17,"column":7},"end":{"line":17,"column":null}},"7":{"start":{"line":17,"column":13},"end":{"line":17,"column":null}},"8":{"start":{"line":17,"column":13},"end":{"line":17,"column":30}},"9":{"start":{"line":28,"column":7},"end":{"line":28,"column":null}},"10":{"start":{"line":28,"column":13},"end":{"line":28,"column":null}},"11":{"start":{"line":28,"column":13},"end":{"line":28,"column":29}},"12":{"start":{"line":39,"column":7},"end":{"line":39,"column":null}},"13":{"start":{"line":39,"column":13},"end":{"line":39,"column":null}},"14":{"start":{"line":39,"column":13},"end":{"line":39,"column":31}},"15":{"start":{"line":50,"column":7},"end":{"line":50,"column":null}},"16":{"start":{"line":50,"column":13},"end":{"line":50,"column":null}},"17":{"start":{"line":50,"column":13},"end":{"line":50,"column":28}}},"fnMap":{},"branchMap":{},"s":{"0":2,"1":2,"2":2,"3":2,"4":2,"5":2,"6":2,"7":2,"8":2,"9":2,"10":2,"11":2,"12":2,"13":2,"14":2,"15":2,"16":2,"17":2},"f":{},"b":{}}
,"/Users/nueiei/Documents/Example/book-store/src/configs/app.config.ts": {"path":"/Users/nueiei/Documents/Example/book-store/src/configs/app.config.ts","statementMap":{"0":{"start":{"line":1,"column":0},"end":{"line":1,"column":44}},"1":{"start":{"line":3,"column":0},"end":{"line":3,"column":37}},"2":{"start":{"line":5,"column":13},"end":{"line":15,"column":2}},"3":{"start":{"line":7,"column":23},"end":{"line":14,"column":6}}},"fnMap":{"0":{"name":"(anonymous_0)","decl":{"start":{"line":7,"column":4},"end":{"line":7,"column":19}},"loc":{"start":{"line":7,"column":23},"end":{"line":14,"column":6}}}},"branchMap":{"0":{"loc":{"start":{"line":8,"column":17},"end":{"line":8,"column":54}},"type":"binary-expr","locations":[{"start":{"line":8,"column":17},"end":{"line":8,"column":37}},{"start":{"line":8,"column":41},"end":{"line":8,"column":54}}]},"1":{"loc":{"start":{"line":10,"column":19},"end":{"line":10,"column":49}},"type":"binary-expr","locations":[{"start":{"line":10,"column":19},"end":{"line":10,"column":41}},{"start":{"line":10,"column":45},"end":{"line":10,"column":49}}]},"2":{"loc":{"start":{"line":11,"column":16},"end":{"line":11,"column":45}},"type":"binary-expr","locations":[{"start":{"line":11,"column":16},"end":{"line":11,"column":34}},{"start":{"line":11,"column":38},"end":{"line":11,"column":45}}]},"3":{"loc":{"start":{"line":13,"column":14},"end":{"line":13,"column":46}},"type":"binary-expr","locations":[{"start":{"line":13,"column":14},"end":{"line":13,"column":38}},{"start":{"line":13,"column":42},"end":{"line":13,"column":46}}]}},"s":{"0":2,"1":2,"2":2,"3":2},"f":{"0":2},"b":{"0":[2,0],"1":[2,0],"2":[2,0],"3":[2,0]}}
,"/Users/nueiei/Documents/Example/book-store/src/configs/elastic.config.ts": {"path":"/Users/nueiei/Documents/Example/book-store/src/configs/elastic.config.ts","statementMap":{"0":{"start":{"line":1,"column":0},"end":{"line":1,"column":44}},"1":{"start":{"line":3,"column":0},"end":{"line":3,"column":37}},"2":{"start":{"line":5,"column":13},"end":{"line":10,"column":2}},"3":{"start":{"line":7,"column":27},"end":{"line":9,"column":6}}},"fnMap":{"0":{"name":"(anonymous_0)","decl":{"start":{"line":7,"column":4},"end":{"line":7,"column":23}},"loc":{"start":{"line":7,"column":27},"end":{"line":9,"column":6}}}},"branchMap":{},"s":{"0":2,"1":2,"2":2,"3":2},"f":{"0":2},"b":{}}
,"/Users/nueiei/Documents/Example/book-store/src/configs/index.ts": {"path":"/Users/nueiei/Documents/Example/book-store/src/configs/index.ts","statementMap":{"0":{"start":{"line":1,"column":0},"end":{"line":1,"column":29}},"1":{"start":{"line":2,"column":0},"end":{"line":2,"column":33}},"2":{"start":{"line":3,"column":0},"end":{"line":3,"column":29}},"3":{"start":{"line":4,"column":0},"end":{"line":4,"column":30}},"4":{"start":{"line":5,"column":0},"end":{"line":5,"column":31}}},"fnMap":{},"branchMap":{},"s":{"0":2,"1":2,"2":2,"3":2,"4":2},"f":{},"b":{}}
,"/Users/nueiei/Documents/Example/book-store/src/configs/jwt.config.ts": {"path":"/Users/nueiei/Documents/Example/book-store/src/configs/jwt.config.ts","statementMap":{"0":{"start":{"line":2,"column":0},"end":{"line":2,"column":44}},"1":{"start":{"line":3,"column":0},"end":{"line":3,"column":37}},"2":{"start":{"line":5,"column":13},"end":{"line":11,"column":2}},"3":{"start":{"line":7,"column":23},"end":{"line":10,"column":6}}},"fnMap":{"0":{"name":"(anonymous_0)","decl":{"start":{"line":7,"column":4},"end":{"line":7,"column":19}},"loc":{"start":{"line":7,"column":23},"end":{"line":10,"column":6}}}},"branchMap":{"0":{"loc":{"start":{"line":8,"column":19},"end":{"line":8,"column":48}},"type":"binary-expr","locations":[{"start":{"line":8,"column":19},"end":{"line":8,"column":37}},{"start":{"line":8,"column":41},"end":{"line":8,"column":48}}]},"1":{"loc":{"start":{"line":9,"column":31},"end":{"line":9,"column":74}},"type":"binary-expr","locations":[{"start":{"line":9,"column":31},"end":{"line":9,"column":66}},{"start":{"line":9,"column":70},"end":{"line":9,"column":74}}]}},"s":{"0":2,"1":2,"2":2,"3":2},"f":{"0":2},"b":{"0":[2,0],"1":[2,0]}}
,"/Users/nueiei/Documents/Example/book-store/src/configs/path.config.ts": {"path":"/Users/nueiei/Documents/Example/book-store/src/configs/path.config.ts","statementMap":{"0":{"start":{"line":1,"column":0},"end":{"line":1,"column":13}},"1":{"start":{"line":2,"column":11},"end":{"line":2,"column":23}},"2":{"start":{"line":3,"column":11},"end":{"line":3,"column":43}},"3":{"start":{"line":4,"column":11},"end":{"line":4,"column":25}},"4":{"start":{"line":5,"column":11},"end":{"line":5,"column":38}}},"fnMap":{},"branchMap":{},"s":{"0":2,"1":2,"2":2,"3":2,"4":2},"f":{},"b":{}}
,"/Users/nueiei/Documents/Example/book-store/src/configs/redis.config.ts": {"path":"/Users/nueiei/Documents/Example/book-store/src/configs/redis.config.ts","statementMap":{"0":{"start":{"line":2,"column":0},"end":{"line":2,"column":44}},"1":{"start":{"line":3,"column":0},"end":{"line":3,"column":37}},"2":{"start":{"line":5,"column":13},"end":{"line":12,"column":2}},"3":{"start":{"line":7,"column":25},"end":{"line":11,"column":6}}},"fnMap":{"0":{"name":"(anonymous_0)","decl":{"start":{"line":7,"column":4},"end":{"line":7,"column":21}},"loc":{"start":{"line":7,"column":25},"end":{"line":11,"column":6}}}},"branchMap":{"0":{"loc":{"start":{"line":8,"column":14},"end":{"line":8,"column":59}},"type":"binary-expr","locations":[{"start":{"line":8,"column":14},"end":{"line":8,"column":44}},{"start":{"line":8,"column":48},"end":{"line":8,"column":59}}]},"1":{"loc":{"start":{"line":9,"column":14},"end":{"line":9,"column":54}},"type":"binary-expr","locations":[{"start":{"line":9,"column":14},"end":{"line":9,"column":44}},{"start":{"line":9,"column":48},"end":{"line":9,"column":54}}]},"2":{"loc":{"start":{"line":10,"column":13},"end":{"line":10,"column":58}},"type":"binary-expr","locations":[{"start":{"line":10,"column":13},"end":{"line":10,"column":50}},{"start":{"line":10,"column":54},"end":{"line":10,"column":58}}]}},"s":{"0":2,"1":2,"2":2,"3":2},"f":{"0":2},"b":{"0":[2,0],"1":[2,0],"2":[2,0]}}
,"/Users/nueiei/Documents/Example/book-store/src/controllers/book.controller.ts": {"path":"/Users/nueiei/Documents/Example/book-store/src/controllers/book.controller.ts","statementMap":{"0":{"start":{"line":1,"column":0},"end":{"line":1,"column":null}},"1":{"start":{"line":10,"column":0},"end":{"line":10,"column":73}},"2":{"start":{"line":11,"column":0},"end":{"line":11,"column":69}},"3":{"start":{"line":12,"column":0},"end":{"line":12,"column":52}},"4":{"start":{"line":16,"column":7},"end":{"line":91,"column":null}},"5":{"start":{"line":17,"column":24},"end":{"line":17,"column":30}},"6":{"start":{"line":22,"column":8},"end":{"line":22,"column":43}},"7":{"start":{"line":23,"column":8},"end":{"line":23,"column":43}},"8":{"start":{"line":32,"column":8},"end":{"line":32,"column":43}},"9":{"start":{"line":33,"column":8},"end":{"line":33,"column":48}},"10":{"start":{"line":42,"column":8},"end":{"line":42,"column":43}},"11":{"start":{"line":43,"column":8},"end":{"line":43,"column":48}},"12":{"start":{"line":55,"column":8},"end":{"line":55,"column":44}},"13":{"start":{"line":56,"column":8},"end":{"line":56,"column":63}},"14":{"start":{"line":65,"column":8},"end":{"line":65,"column":44}},"15":{"start":{"line":67,"column":8},"end":{"line":67,"column":64}},"16":{"start":{"line":79,"column":8},"end":{"line":79,"column":44}},"17":{"start":{"line":81,"column":8},"end":{"line":81,"column":71}},"18":{"start":{"line":87,"column":8},"end":{"line":87,"column":44}},"19":{"start":{"line":89,"column":8},"end":{"line":89,"column":59}},"20":{"start":{"line":21,"column":10},"end":{"line":24,"column":null}},"21":{"start":{"line":28,"column":10},"end":{"line":34,"column":null}},"22":{"start":{"line":38,"column":10},"end":{"line":44,"column":null}},"23":{"start":{"line":51,"column":10},"end":{"line":57,"column":null}},"24":{"start":{"line":61,"column":10},"end":{"line":68,"column":null}},"25":{"start":{"line":75,"column":10},"end":{"line":82,"column":null}},"26":{"start":{"line":86,"column":10},"end":{"line":90,"column":null}},"27":{"start":{"line":16,"column":13},"end":{"line":91,"column":null}},"28":{"start":{"line":16,"column":13},"end":{"line":16,"column":27}}},"fnMap":{"0":{"name":"(anonymous_4)","decl":{"start":{"line":17,"column":4},"end":{"line":17,"column":24}},"loc":{"start":{"line":17,"column":41},"end":{"line":17,"column":45}}},"1":{"name":"(anonymous_5)","decl":{"start":{"line":21,"column":4},"end":{"line":21,"column":9}},"loc":{"start":{"line":21,"column":79},"end":{"line":24,"column":5}}},"2":{"name":"(anonymous_6)","decl":{"start":{"line":28,"column":4},"end":{"line":28,"column":9}},"loc":{"start":{"line":30,"column":36},"end":{"line":34,"column":5}}},"3":{"name":"(anonymous_7)","decl":{"start":{"line":38,"column":4},"end":{"line":38,"column":9}},"loc":{"start":{"line":40,"column":36},"end":{"line":44,"column":5}}},"4":{"name":"(anonymous_8)","decl":{"start":{"line":51,"column":4},"end":{"line":51,"column":9}},"loc":{"start":{"line":53,"column":39},"end":{"line":57,"column":5}}},"5":{"name":"(anonymous_9)","decl":{"start":{"line":61,"column":4},"end":{"line":61,"column":9}},"loc":{"start":{"line":63,"column":37},"end":{"line":68,"column":5}}},"6":{"name":"(anonymous_10)","decl":{"start":{"line":75,"column":4},"end":{"line":75,"column":9}},"loc":{"start":{"line":77,"column":39},"end":{"line":82,"column":5}}},"7":{"name":"(anonymous_11)","decl":{"start":{"line":86,"column":4},"end":{"line":86,"column":9}},"loc":{"start":{"line":86,"column":75},"end":{"line":90,"column":5}}}},"branchMap":{},"s":{"0":0,"1":0,"2":0,"3":0,"4":0,"5":0,"6":0,"7":0,"8":0,"9":0,"10":0,"11":0,"12":0,"13":0,"14":0,"15":0,"16":0,"17":0,"18":0,"19":0,"20":0,"21":0,"22":0,"23":0,"24":0,"25":0,"26":0,"27":0,"28":0},"f":{"0":0,"1":0,"2":0,"3":0,"4":0,"5":0,"6":0,"7":0},"b":{}}
,"/Users/nueiei/Documents/Example/book-store/src/controllers/member.controller.ts": {"path":"/Users/nueiei/Documents/Example/book-store/src/controllers/member.controller.ts","statementMap":{"0":{"start":{"line":1,"column":0},"end":{"line":1,"column":69}},"1":{"start":{"line":2,"column":0},"end":{"line":2,"column":68}},"2":{"start":{"line":3,"column":0},"end":{"line":3,"column":52}},"3":{"start":{"line":4,"column":0},"end":{"line":4,"column":79}},"4":{"start":{"line":5,"column":0},"end":{"line":5,"column":null}},"5":{"start":{"line":15,"column":7},"end":{"line":47,"column":null}},"6":{"start":{"line":16,"column":24},"end":{"line":16,"column":32}},"7":{"start":{"line":16,"column":55},"end":{"line":16,"column":61}},"8":{"start":{"line":20,"column":8},"end":{"line":20,"column":38}},"9":{"start":{"line":25,"column":8},"end":{"line":25,"column":41}},"10":{"start":{"line":31,"column":8},"end":{"line":31,"column":44}},"11":{"start":{"line":32,"column":8},"end":{"line":32,"column":50}},"12":{"start":{"line":44,"column":8},"end":{"line":44,"column":44}},"13":{"start":{"line":45,"column":8},"end":{"line":45,"column":63}},"14":{"start":{"line":19,"column":10},"end":{"line":21,"column":null}},"15":{"start":{"line":24,"column":10},"end":{"line":26,"column":null}},"16":{"start":{"line":30,"column":10},"end":{"line":33,"column":null}},"17":{"start":{"line":40,"column":10},"end":{"line":46,"column":null}},"18":{"start":{"line":15,"column":13},"end":{"line":47,"column":null}},"19":{"start":{"line":15,"column":13},"end":{"line":15,"column":29}}},"fnMap":{"0":{"name":"(anonymous_4)","decl":{"start":{"line":16,"column":4},"end":{"line":16,"column":24}},"loc":{"start":{"line":16,"column":72},"end":{"line":16,"column":76}}},"1":{"name":"(anonymous_5)","decl":{"start":{"line":19,"column":4},"end":{"line":19,"column":9}},"loc":{"start":{"line":19,"column":37},"end":{"line":21,"column":5}}},"2":{"name":"(anonymous_6)","decl":{"start":{"line":24,"column":4},"end":{"line":24,"column":9}},"loc":{"start":{"line":24,"column":43},"end":{"line":26,"column":5}}},"3":{"name":"(anonymous_7)","decl":{"start":{"line":30,"column":4},"end":{"line":30,"column":9}},"loc":{"start":{"line":30,"column":43},"end":{"line":33,"column":5}}},"4":{"name":"(anonymous_8)","decl":{"start":{"line":40,"column":4},"end":{"line":40,"column":9}},"loc":{"start":{"line":42,"column":39},"end":{"line":46,"column":5}}}},"branchMap":{},"s":{"0":0,"1":0,"2":0,"3":0,"4":0,"5":0,"6":0,"7":0,"8":0,"9":0,"10":0,"11":0,"12":0,"13":0,"14":0,"15":0,"16":0,"17":0,"18":0,"19":0},"f":{"0":0,"1":0,"2":0,"3":0,"4":0},"b":{}}
,"/Users/nueiei/Documents/Example/book-store/src/modules/book/book.abstract.ts": {"path":"/Users/nueiei/Documents/Example/book-store/src/modules/book/book.abstract.ts","statementMap":{"0":{"start":{"line":10,"column":0},"end":{"line":10,"column":22}}},"fnMap":{},"branchMap":{},"s":{"0":1},"f":{},"b":{}}
,"/Users/nueiei/Documents/Example/book-store/src/modules/book/book.dto.ts": {"path":"/Users/nueiei/Documents/Example/book-store/src/modules/book/book.dto.ts","statementMap":{"0":{"start":{"line":1,"column":0},"end":{"line":1,"column":73}},"1":{"start":{"line":2,"column":0},"end":{"line":2,"column":46}},"2":{"start":{"line":3,"column":0},"end":{"line":3,"column":null}},"3":{"start":{"line":18,"column":4},"end":{"line":25,"column":null}},"4":{"start":{"line":27,"column":4},"end":{"line":34,"column":null}},"5":{"start":{"line":36,"column":4},"end":{"line":43,"column":null}},"6":{"start":{"line":45,"column":4},"end":{"line":52,"column":null}},"7":{"start":{"line":54,"column":4},"end":{"line":63,"column":null}},"8":{"start":{"line":17,"column":0},"end":{"line":17,"column":13}},"9":{"start":{"line":67,"column":4},"end":{"line":77,"column":null}},"10":{"start":{"line":66,"column":0},"end":{"line":66,"column":13}},"11":{"start":{"line":81,"column":4},"end":{"line":90,"column":null}},"12":{"start":{"line":80,"column":0},"end":{"line":80,"column":13}},"13":{"start":{"line":94,"column":4},"end":{"line":103,"column":null}},"14":{"start":{"line":105,"column":4},"end":{"line":114,"column":null}},"15":{"start":{"line":93,"column":0},"end":{"line":93,"column":13}},"16":{"start":{"line":118,"column":4},"end":{"line":125,"column":null}},"17":{"start":{"line":127,"column":4},"end":{"line":134,"column":null}},"18":{"start":{"line":136,"column":4},"end":{"line":143,"column":null}},"19":{"start":{"line":117,"column":0},"end":{"line":117,"column":13}}},"fnMap":{},"branchMap":{},"s":{"0":0,"1":0,"2":0,"3":0,"4":0,"5":0,"6":0,"7":0,"8":0,"9":0,"10":0,"11":0,"12":0,"13":0,"14":0,"15":0,"16":0,"17":0,"18":0,"19":0},"f":{},"b":{}}
,"/Users/nueiei/Documents/Example/book-store/src/modules/book/book.enum.ts": {"path":"/Users/nueiei/Documents/Example/book-store/src/modules/book/book.enum.ts","statementMap":{"0":{"start":{"line":1,"column":0},"end":{"line":1,"column":null}},"1":{"start":{"line":2,"column":4},"end":{"line":2,"column":null}},"2":{"start":{"line":3,"column":4},"end":{"line":3,"column":null}},"3":{"start":{"line":6,"column":0},"end":{"line":6,"column":null}},"4":{"start":{"line":7,"column":4},"end":{"line":7,"column":null}},"5":{"start":{"line":8,"column":4},"end":{"line":8,"column":null}},"6":{"start":{"line":9,"column":4},"end":{"line":9,"column":null}},"7":{"start":{"line":10,"column":4},"end":{"line":10,"column":null}},"8":{"start":{"line":13,"column":0},"end":{"line":13,"column":null}},"9":{"start":{"line":14,"column":4},"end":{"line":14,"column":null}},"10":{"start":{"line":15,"column":4},"end":{"line":15,"column":null}},"11":{"start":{"line":18,"column":0},"end":{"line":18,"column":null}},"12":{"start":{"line":19,"column":4},"end":{"line":19,"column":null}},"13":{"start":{"line":20,"column":4},"end":{"line":20,"column":null}}},"fnMap":{"0":{"name":"(anonymous_0)","decl":{"start":{"line":1,"column":0},"end":{"line":1,"column":12}},"loc":{"start":{"line":1,"column":22},"end":{"line":4,"column":1}}},"1":{"name":"(anonymous_1)","decl":{"start":{"line":6,"column":0},"end":{"line":6,"column":12}},"loc":{"start":{"line":6,"column":23},"end":{"line":11,"column":1}}},"2":{"name":"(anonymous_2)","decl":{"start":{"line":13,"column":0},"end":{"line":13,"column":12}},"loc":{"start":{"line":13,"column":25},"end":{"line":16,"column":1}}},"3":{"name":"(anonymous_3)","decl":{"start":{"line":18,"column":0},"end":{"line":18,"column":12}},"loc":{"start":{"line":18,"column":24},"end":{"line":21,"column":1}}}},"branchMap":{"0":{"loc":{"start":{"line":1,"column":12},"end":{"line":1,"column":null}},"type":"binary-expr","locations":[{"start":{"line":1,"column":12},"end":{"line":1,"column":22}},{"start":{"line":1,"column":12},"end":{"line":1,"column":null}}]},"1":{"loc":{"start":{"line":6,"column":12},"end":{"line":6,"column":null}},"type":"binary-expr","locations":[{"start":{"line":6,"column":12},"end":{"line":6,"column":23}},{"start":{"line":6,"column":12},"end":{"line":6,"column":null}}]},"2":{"loc":{"start":{"line":13,"column":12},"end":{"line":13,"column":null}},"type":"binary-expr","locations":[{"start":{"line":13,"column":12},"end":{"line":13,"column":25}},{"start":{"line":13,"column":12},"end":{"line":13,"column":null}}]},"3":{"loc":{"start":{"line":18,"column":12},"end":{"line":18,"column":null}},"type":"binary-expr","locations":[{"start":{"line":18,"column":12},"end":{"line":18,"column":24}},{"start":{"line":18,"column":12},"end":{"line":18,"column":null}}]}},"s":{"0":1,"1":1,"2":1,"3":1,"4":1,"5":1,"6":1,"7":1,"8":1,"9":1,"10":1,"11":1,"12":1,"13":1},"f":{"0":1,"1":1,"2":1,"3":1},"b":{"0":[1,1],"1":[1,1],"2":[1,1],"3":[1,1]}}
,"/Users/nueiei/Documents/Example/book-store/src/modules/book/book.implement.ts": {"path":"/Users/nueiei/Documents/Example/book-store/src/modules/book/book.implement.ts","statementMap":{"0":{"start":{"line":1,"column":0},"end":{"line":1,"column":48}},"1":{"start":{"line":2,"column":0},"end":{"line":2,"column":57}},"2":{"start":{"line":19,"column":0},"end":{"line":19,"column":79}},"3":{"start":{"line":21,"column":0},"end":{"line":21,"column":61}},"4":{"start":{"line":23,"column":0},"end":{"line":23,"column":70}},"5":{"start":{"line":25,"column":0},"end":{"line":25,"column":26}},"6":{"start":{"line":27,"column":0},"end":{"line":27,"column":32}},"7":{"start":{"line":32,"column":7},"end":{"line":326,"column":null}},"8":{"start":{"line":34,"column":25},"end":{"line":34,"column":40}},"9":{"start":{"line":35,"column":48},"end":{"line":35,"column":60}},"10":{"start":{"line":39,"column":48},"end":{"line":39,"column":50}},"11":{"start":{"line":41,"column":8},"end":{"line":41,"column":60}},"12":{"start":{"line":41,"column":20},"end":{"line":41,"column":60}},"13":{"start":{"line":43,"column":8},"end":{"line":43,"column":66}},"14":{"start":{"line":45,"column":8},"end":{"line":45,"column":21}},"15":{"start":{"line":49,"column":41},"end":{"line":56,"column":10}},"16":{"start":{"line":58,"column":8},"end":{"line":58,"column":40}},"17":{"start":{"line":58,"column":18},"end":{"line":58,"column":40}},"18":{"start":{"line":59,"column":8},"end":{"line":59,"column":61}},"19":{"start":{"line":59,"column":18},"end":{"line":59,"column":61}},"20":{"start":{"line":61,"column":8},"end":{"line":61,"column":25}},"21":{"start":{"line":65,"column":8},"end":{"line":94,"column":null}},"22":{"start":{"line":68,"column":16},"end":{"line":71,"column":14}},"23":{"start":{"line":73,"column":30},"end":{"line":73,"column":34}},"24":{"start":{"line":75,"column":12},"end":{"line":79,"column":18}},"25":{"start":{"line":76,"column":16},"end":{"line":79,"column":18}},"26":{"start":{"line":81,"column":12},"end":{"line":85,"column":15}},"27":{"start":{"line":87,"column":12},"end":{"line":87,"column":54}},"28":{"start":{"line":87,"column":42},"end":{"line":87,"column":54}},"29":{"start":{"line":89,"column":12},"end":{"line":93,"column":15}},"30":{"start":{"line":98,"column":8},"end":{"line":110,"column":null}},"31":{"start":{"line":99,"column":12},"end":{"line":107,"column":15}},"32":{"start":{"line":109,"column":12},"end":{"line":109,"column":24}},"33":{"start":{"line":114,"column":8},"end":{"line":118,"column":11}},"34":{"start":{"line":122,"column":42},"end":{"line":127,"column":10}},"35":{"start":{"line":129,"column":27},"end":{"line":129,"column":91}},"36":{"start":{"line":129,"column":73},"end":{"line":129,"column":90}},"37":{"start":{"line":131,"column":26},"end":{"line":131,"column":55}},"38":{"start":{"line":133,"column":38},"end":{"line":133,"column":90}},"39":{"start":{"line":135,"column":25},"end":{"line":137,"column":57}},"40":{"start":{"line":136,"column":26},"end":{"line":136,"column":59}},"41":{"start":{"line":137,"column":32},"end":{"line":137,"column":56}},"42":{"start":{"line":138,"column":8},"end":{"line":143,"column":10}},"43":{"start":{"line":147,"column":25},"end":{"line":147,"column":41}},"44":{"start":{"line":149,"column":20},"end":{"line":149,"column":50}},"45":{"start":{"line":150,"column":8},"end":{"line":150,"column":72}},"46":{"start":{"line":150,"column":20},"end":{"line":150,"column":72}},"47":{"start":{"line":152,"column":8},"end":{"line":152,"column":47}},"48":{"start":{"line":154,"column":46},"end":{"line":154,"column":73}},"49":{"start":{"line":156,"column":21},"end":{"line":156,"column":73}},"50":{"start":{"line":156,"column":70},"end":{"line":156,"column":72}},"51":{"start":{"line":158,"column":23},"end":{"line":158,"column":38}},"52":{"start":{"line":160,"column":42},"end":{"line":165,"column":10}},"53":{"start":{"line":167,"column":27},"end":{"line":167,"column":91}},"54":{"start":{"line":167,"column":73},"end":{"line":167,"column":90}},"55":{"start":{"line":169,"column":8},"end":{"line":170,"column":89}},"56":{"start":{"line":169,"column":32},"end":{"line":169,"column":55}},"57":{"start":{"line":170,"column":12},"end":{"line":170,"column":89}},"58":{"start":{"line":172,"column":8},"end":{"line":172,"column":78}},"59":{"start":{"line":176,"column":25},"end":{"line":176,"column":41}},"60":{"start":{"line":178,"column":22},"end":{"line":178,"column":52}},"61":{"start":{"line":180,"column":8},"end":{"line":186,"column":14}},"62":{"start":{"line":181,"column":12},"end":{"line":186,"column":14}},"63":{"start":{"line":188,"column":46},"end":{"line":188,"column":73}},"64":{"start":{"line":190,"column":38},"end":{"line":198,"column":10}},"65":{"start":{"line":200,"column":25},"end":{"line":203,"column":11}},"66":{"start":{"line":200,"column":55},"end":{"line":202,"column":null}},"67":{"start":{"line":205,"column":8},"end":{"line":210,"column":10}},"68":{"start":{"line":214,"column":25},"end":{"line":214,"column":41}},"69":{"start":{"line":215,"column":22},"end":{"line":215,"column":52}},"70":{"start":{"line":216,"column":8},"end":{"line":217,"column":95}},"71":{"start":{"line":217,"column":12},"end":{"line":217,"column":95}},"72":{"start":{"line":219,"column":46},"end":{"line":219,"column":73}},"73":{"start":{"line":221,"column":37},"end":{"line":228,"column":10}},"74":{"start":{"line":229,"column":44},"end":{"line":229,"column":59}},"75":{"start":{"line":230,"column":8},"end":{"line":230,"column":93}},"76":{"start":{"line":230,"column":27},"end":{"line":230,"column":93}},"77":{"start":{"line":232,"column":38},"end":{"line":240,"column":10}},"78":{"start":{"line":242,"column":25},"end":{"line":244,"column":10}},"79":{"start":{"line":243,"column":12},"end":{"line":243,"column":51}},"80":{"start":{"line":246,"column":24},"end":{"line":246,"column":95}},"81":{"start":{"line":246,"column":70},"end":{"line":246,"column":91}},"82":{"start":{"line":248,"column":24},"end":{"line":253,"column":10}},"83":{"start":{"line":255,"column":38},"end":{"line":258,"column":10}},"84":{"start":{"line":260,"column":23},"end":{"line":260,"column":39}},"85":{"start":{"line":262,"column":30},"end":{"line":262,"column":43}},"86":{"start":{"line":264,"column":8},"end":{"line":288,"column":null}},"87":{"start":{"line":265,"column":12},"end":{"line":280,"column":null}},"88":{"start":{"line":266,"column":36},"end":{"line":266,"column":64}},"89":{"start":{"line":268,"column":16},"end":{"line":269,"column":92}},"90":{"start":{"line":269,"column":20},"end":{"line":269,"column":92}},"91":{"start":{"line":271,"column":16},"end":{"line":277,"column":19}},"92":{"start":{"line":279,"column":16},"end":{"line":279,"column":91}},"93":{"start":{"line":282,"column":29},"end":{"line":282,"column":92}},"94":{"start":{"line":283,"column":12},"end":{"line":287,"column":15}},"95":{"start":{"line":290,"column":8},"end":{"line":297,"column":11}},"96":{"start":{"line":301,"column":42},"end":{"line":304,"column":10}},"97":{"start":{"line":306,"column":27},"end":{"line":306,"column":91}},"98":{"start":{"line":306,"column":73},"end":{"line":306,"column":90}},"99":{"start":{"line":308,"column":26},"end":{"line":308,"column":55}},"100":{"start":{"line":310,"column":8},"end":{"line":310,"column":70}},"101":{"start":{"line":312,"column":38},"end":{"line":312,"column":90}},"102":{"start":{"line":314,"column":25},"end":{"line":317,"column":11}},"103":{"start":{"line":314,"column":55},"end":{"line":316,"column":null}},"104":{"start":{"line":319,"column":8},"end":{"line":324,"column":10}},"105":{"start":{"line":32,"column":13},"end":{"line":326,"column":null}},"106":{"start":{"line":32,"column":13},"end":{"line":32,"column":28}}},"fnMap":{"0":{"name":"(anonymous_4)","decl":{"start":{"line":33,"column":4},"end":{"line":33,"column":null}},"loc":{"start":{"line":35,"column":60},"end":{"line":36,"column":8}}},"1":{"name":"(anonymous_5)","decl":{"start":{"line":38,"column":12},"end":{"line":38,"column":28}},"loc":{"start":{"line":38,"column":59},"end":{"line":46,"column":5}}},"2":{"name":"(anonymous_6)","decl":{"start":{"line":48,"column":12},"end":{"line":48,"column":29}},"loc":{"start":{"line":48,"column":69},"end":{"line":62,"column":5}}},"3":{"name":"(anonymous_7)","decl":{"start":{"line":64,"column":4},"end":{"line":64,"column":9}},"loc":{"start":{"line":64,"column":49},"end":{"line":95,"column":5}}},"4":{"name":"(anonymous_8)","decl":{"start":{"line":97,"column":4},"end":{"line":97,"column":9}},"loc":{"start":{"line":97,"column":49},"end":{"line":111,"column":5}}},"5":{"name":"(anonymous_9)","decl":{"start":{"line":113,"column":4},"end":{"line":113,"column":9}},"loc":{"start":{"line":113,"column":39},"end":{"line":119,"column":5}}},"6":{"name":"(anonymous_10)","decl":{"start":{"line":121,"column":4},"end":{"line":121,"column":9}},"loc":{"start":{"line":121,"column":59},"end":{"line":144,"column":5}}},"7":{"name":"(anonymous_11)","decl":{"start":{"line":129,"column":56},"end":{"line":129,"column":57}},"loc":{"start":{"line":129,"column":73},"end":{"line":129,"column":90}}},"8":{"name":"(anonymous_12)","decl":{"start":{"line":136,"column":17},"end":{"line":136,"column":18}},"loc":{"start":{"line":136,"column":26},"end":{"line":136,"column":59}}},"9":{"name":"(anonymous_13)","decl":{"start":{"line":137,"column":20},"end":{"line":137,"column":21}},"loc":{"start":{"line":137,"column":32},"end":{"line":137,"column":56}}},"10":{"name":"(anonymous_14)","decl":{"start":{"line":146,"column":4},"end":{"line":146,"column":9}},"loc":{"start":{"line":146,"column":61},"end":{"line":173,"column":5}}},"11":{"name":"(anonymous_15)","decl":{"start":{"line":156,"column":62},"end":{"line":156,"column":63}},"loc":{"start":{"line":156,"column":70},"end":{"line":156,"column":72}}},"12":{"name":"(anonymous_16)","decl":{"start":{"line":167,"column":56},"end":{"line":167,"column":57}},"loc":{"start":{"line":167,"column":73},"end":{"line":167,"column":90}}},"13":{"name":"(anonymous_17)","decl":{"start":{"line":169,"column":24},"end":{"line":169,"column":25}},"loc":{"start":{"line":169,"column":32},"end":{"line":169,"column":55}}},"14":{"name":"(anonymous_18)","decl":{"start":{"line":175,"column":4},"end":{"line":175,"column":9}},"loc":{"start":{"line":175,"column":67},"end":{"line":211,"column":5}}},"15":{"name":"(anonymous_19)","decl":{"start":{"line":200,"column":46},"end":{"line":200,"column":47}},"loc":{"start":{"line":200,"column":55},"end":{"line":202,"column":null}}},"16":{"name":"(anonymous_20)","decl":{"start":{"line":213,"column":4},"end":{"line":213,"column":9}},"loc":{"start":{"line":213,"column":51},"end":{"line":298,"column":5}}},"17":{"name":"(anonymous_21)","decl":{"start":{"line":242,"column":46},"end":{"line":242,"column":47}},"loc":{"start":{"line":242,"column":54},"end":{"line":244,"column":9}}},"18":{"name":"(anonymous_22)","decl":{"start":{"line":246,"column":40},"end":{"line":246,"column":41}},"loc":{"start":{"line":246,"column":70},"end":{"line":246,"column":91}}},"19":{"name":"(anonymous_23)","decl":{"start":{"line":300,"column":4},"end":{"line":300,"column":9}},"loc":{"start":{"line":300,"column":59},"end":{"line":325,"column":5}}},"20":{"name":"(anonymous_24)","decl":{"start":{"line":306,"column":56},"end":{"line":306,"column":57}},"loc":{"start":{"line":306,"column":73},"end":{"line":306,"column":90}}},"21":{"name":"(anonymous_25)","decl":{"start":{"line":314,"column":46},"end":{"line":314,"column":47}},"loc":{"start":{"line":314,"column":55},"end":{"line":316,"column":null}}}},"branchMap":{"0":{"loc":{"start":{"line":41,"column":8},"end":{"line":41,"column":60}},"type":"if","locations":[{"start":{"line":41,"column":8},"end":{"line":41,"column":60}}]},"1":{"loc":{"start":{"line":53,"column":26},"end":{"line":53,"column":65}},"type":"cond-expr","locations":[{"start":{"line":53,"column":59},"end":{"line":53,"column":63}},{"start":{"line":53,"column":63},"end":{"line":53,"column":65}}]},"2":{"loc":{"start":{"line":53,"column":26},"end":{"line":53,"column":63}},"type":"binary-expr","locations":[{"start":{"line":53,"column":26},"end":{"line":53,"column":63}},{"start":{"line":53,"column":59},"end":{"line":53,"column":63}}]},"3":{"loc":{"start":{"line":58,"column":8},"end":{"line":58,"column":40}},"type":"if","locations":[{"start":{"line":58,"column":8},"end":{"line":58,"column":40}}]},"4":{"loc":{"start":{"line":59,"column":8},"end":{"line":59,"column":61}},"type":"if","locations":[{"start":{"line":59,"column":8},"end":{"line":59,"column":61}}]},"5":{"loc":{"start":{"line":75,"column":12},"end":{"line":79,"column":18}},"type":"if","locations":[{"start":{"line":75,"column":12},"end":{"line":79,"column":18}}]},"6":{"loc":{"start":{"line":87,"column":12},"end":{"line":87,"column":54}},"type":"if","locations":[{"start":{"line":87,"column":12},"end":{"line":87,"column":54}}]},"7":{"loc":{"start":{"line":150,"column":8},"end":{"line":150,"column":72}},"type":"if","locations":[{"start":{"line":150,"column":8},"end":{"line":150,"column":72}}]},"8":{"loc":{"start":{"line":156,"column":22},"end":{"line":156,"column":37}},"type":"cond-expr","locations":[{"start":{"line":156,"column":22},"end":{"line":156,"column":31}},{"start":{"line":156,"column":35},"end":{"line":156,"column":37}}]},"9":{"loc":{"start":{"line":156,"column":22},"end":{"line":156,"column":35}},"type":"binary-expr","locations":[{"start":{"line":156,"column":22},"end":{"line":156,"column":35}},{"start":{"line":156,"column":22},"end":{"line":156,"column":35}}]},"10":{"loc":{"start":{"line":169,"column":8},"end":{"line":170,"column":89}},"type":"if","locations":[{"start":{"line":169,"column":8},"end":{"line":170,"column":89}}]},"11":{"loc":{"start":{"line":180,"column":8},"end":{"line":186,"column":14}},"type":"if","locations":[{"start":{"line":180,"column":8},"end":{"line":186,"column":14}}]},"12":{"loc":{"start":{"line":216,"column":8},"end":{"line":217,"column":95}},"type":"if","locations":[{"start":{"line":216,"column":8},"end":{"line":217,"column":95}}]},"13":{"loc":{"start":{"line":230,"column":8},"end":{"line":230,"column":93}},"type":"if","locations":[{"start":{"line":230,"column":8},"end":{"line":230,"column":93}}]},"14":{"loc":{"start":{"line":262,"column":30},"end":{"line":262,"column":43}},"type":"cond-expr","locations":[{"start":{"line":262,"column":34},"end":{"line":262,"column":36}},{"start":{"line":262,"column":30},"end":{"line":262,"column":43}}]},"15":{"loc":{"start":{"line":262,"column":30},"end":{"line":262,"column":36}},"type":"binary-expr","locations":[{"start":{"line":262,"column":30},"end":{"line":262,"column":36}},{"start":{"line":262,"column":30},"end":{"line":262,"column":36}}]},"16":{"loc":{"start":{"line":264,"column":8},"end":{"line":288,"column":null}},"type":"if","locations":[{"start":{"line":264,"column":8},"end":{"line":288,"column":null}},{"start":{"line":281,"column":15},"end":{"line":288,"column":null}}]},"17":{"loc":{"start":{"line":265,"column":12},"end":{"line":280,"column":null}},"type":"if","locations":[{"start":{"line":265,"column":12},"end":{"line":280,"column":null}},{"start":{"line":278,"column":19},"end":{"line":280,"column":null}}]},"18":{"loc":{"start":{"line":265,"column":16},"end":{"line":265,"column":38}},"type":"cond-expr","locations":[{"start":{"line":265,"column":29},"end":{"line":265,"column":31}},{"start":{"line":265,"column":16},"end":{"line":265,"column":38}}]},"19":{"loc":{"start":{"line":265,"column":16},"end":{"line":265,"column":31}},"type":"binary-expr","locations":[{"start":{"line":265,"column":16},"end":{"line":265,"column":31}},{"start":{"line":265,"column":16},"end":{"line":265,"column":31}}]},"20":{"loc":{"start":{"line":268,"column":16},"end":{"line":269,"column":92}},"type":"if","locations":[{"start":{"line":268,"column":16},"end":{"line":269,"column":92}}]},"21":{"loc":{"start":{"line":282,"column":29},"end":{"line":282,"column":92}},"type":"cond-expr","locations":[{"start":{"line":282,"column":54},"end":{"line":282,"column":88}},{"start":{"line":282,"column":91},"end":{"line":282,"column":92}}]},"22":{"loc":{"start":{"line":282,"column":29},"end":{"line":282,"column":51}},"type":"cond-expr","locations":[{"start":{"line":282,"column":42},"end":{"line":282,"column":44}},{"start":{"line":282,"column":29},"end":{"line":282,"column":51}}]},"23":{"loc":{"start":{"line":282,"column":29},"end":{"line":282,"column":44}},"type":"binary-expr","locations":[{"start":{"line":282,"column":29},"end":{"line":282,"column":44}},{"start":{"line":282,"column":29},"end":{"line":282,"column":44}}]},"24":{"loc":{"start":{"line":282,"column":54},"end":{"line":282,"column":88}},"type":"cond-expr","locations":[{"start":{"line":282,"column":83},"end":{"line":282,"column":87}},{"start":{"line":282,"column":87},"end":{"line":282,"column":88}}]},"25":{"loc":{"start":{"line":282,"column":54},"end":{"line":282,"column":87}},"type":"binary-expr","locations":[{"start":{"line":282,"column":54},"end":{"line":282,"column":87}},{"start":{"line":282,"column":83},"end":{"line":282,"column":87}}]}},"s":{"0":1,"1":1,"2":1,"3":1,"4":1,"5":1,"6":1,"7":1,"8":1,"9":1,"10":0,"11":0,"12":0,"13":0,"14":0,"15":0,"16":0,"17":0,"18":0,"19":0,"20":0,"21":0,"22":0,"23":0,"24":0,"25":0,"26":0,"27":0,"28":0,"29":0,"30":0,"31":0,"32":0,"33":0,"34":0,"35":0,"36":0,"37":0,"38":0,"39":0,"40":0,"41":0,"42":0,"43":0,"44":0,"45":0,"46":0,"47":0,"48":0,"49":0,"50":0,"51":0,"52":0,"53":0,"54":0,"55":0,"56":0,"57":0,"58":0,"59":0,"60":0,"61":0,"62":0,"63":0,"64":0,"65":0,"66":0,"67":0,"68":0,"69":0,"70":0,"71":0,"72":0,"73":0,"74":0,"75":0,"76":0,"77":0,"78":0,"79":0,"80":0,"81":0,"82":0,"83":0,"84":0,"85":0,"86":0,"87":0,"88":0,"89":0,"90":0,"91":0,"92":0,"93":0,"94":0,"95":0,"96":0,"97":0,"98":0,"99":0,"100":0,"101":0,"102":0,"103":0,"104":0,"105":1,"106":1},"f":{"0":1,"1":0,"2":0,"3":0,"4":0,"5":0,"6":0,"7":0,"8":0,"9":0,"10":0,"11":0,"12":0,"13":0,"14":0,"15":0,"16":0,"17":0,"18":0,"19":0,"20":0,"21":0},"b":{"0":[0],"1":[0,0],"2":[0,0],"3":[0],"4":[0],"5":[0],"6":[0],"7":[0],"8":[0,0],"9":[0,0],"10":[0],"11":[0],"12":[0],"13":[0],"14":[0,0],"15":[0,0],"16":[0,0],"17":[0,0],"18":[0,0],"19":[0,0],"20":[0],"21":[0,0],"22":[0,0],"23":[0,0],"24":[0,0],"25":[0,0]}}
,"/Users/nueiei/Documents/Example/book-store/src/modules/book/book.interface.ts": {"path":"/Users/nueiei/Documents/Example/book-store/src/modules/book/book.interface.ts","statementMap":{"0":{"start":{"line":12,"column":0},"end":{"line":12,"column":13}}},"fnMap":{},"branchMap":{},"s":{"0":0},"f":{},"b":{}}
,"/Users/nueiei/Documents/Example/book-store/src/modules/book/book.module.ts": {"path":"/Users/nueiei/Documents/Example/book-store/src/modules/book/book.module.ts","statementMap":{"0":{"start":{"line":1,"column":0},"end":{"line":1,"column":75}},"1":{"start":{"line":2,"column":0},"end":{"line":2,"column":40}},"2":{"start":{"line":3,"column":0},"end":{"line":3,"column":9}},"3":{"start":{"line":18,"column":9},"end":{"line":3,"column":46}},"4":{"start":{"line":4,"column":0},"end":{"line":4,"column":51}},"5":{"start":{"line":16,"column":7},"end":{"line":16,"column":null}},"6":{"start":{"line":16,"column":13},"end":{"line":16,"column":null}},"7":{"start":{"line":16,"column":13},"end":{"line":16,"column":23}}},"fnMap":{"0":{"name":"(anonymous_1)","decl":{"start":{"line":18,"column":9},"end":{"line":18,"column":20}},"loc":{"start":{"line":18,"column":9},"end":{"line":3,"column":46}}}},"branchMap":{},"s":{"0":0,"1":0,"2":0,"3":0,"4":0,"5":0,"6":0,"7":0},"f":{"0":0},"b":{}}
,"/Users/nueiei/Documents/Example/book-store/src/modules/book/index.ts": {"path":"/Users/nueiei/Documents/Example/book-store/src/modules/book/index.ts","statementMap":{"0":{"start":{"line":1,"column":0},"end":{"line":1,"column":30}},"1":{"start":{"line":2,"column":0},"end":{"line":2,"column":33}},"2":{"start":{"line":3,"column":0},"end":{"line":3,"column":28}},"3":{"start":{"line":4,"column":0},"end":{"line":4,"column":27}}},"fnMap":{},"branchMap":{},"s":{"0":0,"1":0,"2":0,"3":0},"f":{},"b":{}}
,"/Users/nueiei/Documents/Example/book-store/src/modules/member/index.ts": {"path":"/Users/nueiei/Documents/Example/book-store/src/modules/member/index.ts","statementMap":{"0":{"start":{"line":1,"column":0},"end":{"line":1,"column":32}},"1":{"start":{"line":2,"column":0},"end":{"line":2,"column":35}},"2":{"start":{"line":3,"column":0},"end":{"line":3,"column":30}},"3":{"start":{"line":4,"column":0},"end":{"line":4,"column":29}}},"fnMap":{},"branchMap":{},"s":{"0":0,"1":0,"2":0,"3":0},"f":{},"b":{}}
,"/Users/nueiei/Documents/Example/book-store/src/modules/member/member.abstract.ts": {"path":"/Users/nueiei/Documents/Example/book-store/src/modules/member/member.abstract.ts","statementMap":{"0":{"start":{"line":4,"column":0},"end":{"line":4,"column":22}}},"fnMap":{},"branchMap":{},"s":{"0":1},"f":{},"b":{}}
,"/Users/nueiei/Documents/Example/book-store/src/modules/member/member.dto.ts": {"path":"/Users/nueiei/Documents/Example/book-store/src/modules/member/member.dto.ts","statementMap":{"0":{"start":{"line":1,"column":0},"end":{"line":1,"column":46}},"1":{"start":{"line":2,"column":0},"end":{"line":2,"column":63}},"2":{"start":{"line":3,"column":0},"end":{"line":3,"column":37}},"3":{"start":{"line":6,"column":4},"end":{"line":13,"column":null}},"4":{"start":{"line":15,"column":4},"end":{"line":22,"column":null}},"5":{"start":{"line":24,"column":4},"end":{"line":31,"column":null}},"6":{"start":{"line":33,"column":4},"end":{"line":41,"column":null}},"7":{"start":{"line":5,"column":0},"end":{"line":5,"column":13}},"8":{"start":{"line":45,"column":4},"end":{"line":52,"column":null}},"9":{"start":{"line":54,"column":4},"end":{"line":61,"column":null}},"10":{"start":{"line":44,"column":0},"end":{"line":44,"column":13}}},"fnMap":{},"branchMap":{},"s":{"0":0,"1":0,"2":0,"3":0,"4":0,"5":0,"6":0,"7":0,"8":0,"9":0,"10":0},"f":{},"b":{}}
,"/Users/nueiei/Documents/Example/book-store/src/modules/member/member.enum.ts": {"path":"/Users/nueiei/Documents/Example/book-store/src/modules/member/member.enum.ts","statementMap":{"0":{"start":{"line":1,"column":0},"end":{"line":1,"column":null}},"1":{"start":{"line":2,"column":4},"end":{"line":2,"column":null}},"2":{"start":{"line":3,"column":4},"end":{"line":3,"column":null}}},"fnMap":{"0":{"name":"(anonymous_0)","decl":{"start":{"line":1,"column":0},"end":{"line":1,"column":12}},"loc":{"start":{"line":1,"column":16},"end":{"line":4,"column":1}}}},"branchMap":{"0":{"loc":{"start":{"line":1,"column":12},"end":{"line":1,"column":null}},"type":"binary-expr","locations":[{"start":{"line":1,"column":12},"end":{"line":1,"column":16}},{"start":{"line":1,"column":12},"end":{"line":1,"column":null}}]}},"s":{"0":1,"1":1,"2":1},"f":{"0":1},"b":{"0":[1,1]}}
,"/Users/nueiei/Documents/Example/book-store/src/modules/member/member.implement.ts": {"path":"/Users/nueiei/Documents/Example/book-store/src/modules/member/member.implement.ts","statementMap":{"0":{"start":{"line":1,"column":0},"end":{"line":1,"column":57}},"1":{"start":{"line":2,"column":0},"end":{"line":2,"column":47}},"2":{"start":{"line":3,"column":0},"end":{"line":3,"column":61}},"3":{"start":{"line":4,"column":0},"end":{"line":4,"column":64}},"4":{"start":{"line":7,"column":0},"end":{"line":7,"column":48}},"5":{"start":{"line":8,"column":0},"end":{"line":8,"column":41}},"6":{"start":{"line":10,"column":0},"end":{"line":10,"column":50}},"7":{"start":{"line":11,"column":0},"end":{"line":11,"column":26}},"8":{"start":{"line":12,"column":0},"end":{"line":12,"column":33}},"9":{"start":{"line":14,"column":21},"end":{"line":14,"column":23}},"10":{"start":{"line":17,"column":7},"end":{"line":141,"column":null}},"11":{"start":{"line":21,"column":25},"end":{"line":21,"column":40}},"12":{"start":{"line":22,"column":25},"end":{"line":22,"column":30}},"13":{"start":{"line":23,"column":25},"end":{"line":23,"column":33}},"14":{"start":{"line":18,"column":21},"end":{"line":18,"column":61}},"15":{"start":{"line":27,"column":53},"end":{"line":27,"column":87}},"16":{"start":{"line":29,"column":22},"end":{"line":31,"column":null}},"17":{"start":{"line":34,"column":8},"end":{"line":34,"column":38}},"18":{"start":{"line":43,"column":29},"end":{"line":43,"column":70}},"19":{"start":{"line":44,"column":21},"end":{"line":44,"column":25}},"20":{"start":{"line":45,"column":24},"end":{"line":52,"column":10}},"21":{"start":{"line":54,"column":8},"end":{"line":84,"column":null}},"22":{"start":{"line":57,"column":16},"end":{"line":60,"column":14}},"23":{"start":{"line":62,"column":30},"end":{"line":62,"column":40}},"24":{"start":{"line":64,"column":12},"end":{"line":68,"column":18}},"25":{"start":{"line":65,"column":16},"end":{"line":68,"column":18}},"26":{"start":{"line":70,"column":12},"end":{"line":74,"column":15}},"27":{"start":{"line":76,"column":12},"end":{"line":76,"column":53}},"28":{"start":{"line":77,"column":12},"end":{"line":77,"column":54}},"29":{"start":{"line":77,"column":42},"end":{"line":77,"column":54}},"30":{"start":{"line":79,"column":12},"end":{"line":83,"column":15}},"31":{"start":{"line":86,"column":8},"end":{"line":86,"column":44}},"32":{"start":{"line":90,"column":8},"end":{"line":112,"column":null}},"33":{"start":{"line":93,"column":16},"end":{"line":96,"column":14}},"34":{"start":{"line":98,"column":30},"end":{"line":98,"column":40}},"35":{"start":{"line":100,"column":12},"end":{"line":100,"column":94}},"36":{"start":{"line":100,"column":26},"end":{"line":100,"column":94}},"37":{"start":{"line":102,"column":28},"end":{"line":102,"column":78}},"38":{"start":{"line":104,"column":12},"end":{"line":105,"column":91}},"39":{"start":{"line":105,"column":16},"end":{"line":105,"column":91}},"40":{"start":{"line":107,"column":12},"end":{"line":107,"column":56}},"41":{"start":{"line":109,"column":12},"end":{"line":109,"column":53}},"42":{"start":{"line":111,"column":12},"end":{"line":111,"column":54}},"43":{"start":{"line":111,"column":42},"end":{"line":111,"column":54}},"44":{"start":{"line":116,"column":8},"end":{"line":139,"column":null}},"45":{"start":{"line":119,"column":16},"end":{"line":122,"column":14}},"46":{"start":{"line":124,"column":43},"end":{"line":124,"column":53}},"47":{"start":{"line":126,"column":12},"end":{"line":126,"column":90}},"48":{"start":{"line":126,"column":26},"end":{"line":126,"column":90}},"49":{"start":{"line":128,"column":12},"end":{"line":134,"column":14}},"50":{"start":{"line":136,"column":12},"end":{"line":136,"column":53}},"51":{"start":{"line":138,"column":12},"end":{"line":138,"column":54}},"52":{"start":{"line":138,"column":42},"end":{"line":138,"column":54}},"53":{"start":{"line":17,"column":13},"end":{"line":141,"column":null}},"54":{"start":{"line":17,"column":13},"end":{"line":17,"column":30}}},"fnMap":{"0":{"name":"(anonymous_8)","decl":{"start":{"line":20,"column":4},"end":{"line":20,"column":null}},"loc":{"start":{"line":23,"column":46},"end":{"line":24,"column":8}}},"1":{"name":"(anonymous_9)","decl":{"start":{"line":26,"column":12},"end":{"line":26,"column":26}},"loc":{"start":{"line":26,"column":43},"end":{"line":35,"column":5}}},"2":{"name":"(anonymous_10)","decl":{"start":{"line":37,"column":4},"end":{"line":37,"column":9}},"loc":{"start":{"line":42,"column":18},"end":{"line":87,"column":5}}},"3":{"name":"(anonymous_11)","decl":{"start":{"line":89,"column":4},"end":{"line":89,"column":9}},"loc":{"start":{"line":89,"column":48},"end":{"line":113,"column":5}}},"4":{"name":"(anonymous_12)","decl":{"start":{"line":115,"column":4},"end":{"line":115,"column":9}},"loc":{"start":{"line":115,"column":27},"end":{"line":140,"column":5}}}},"branchMap":{"0":{"loc":{"start":{"line":64,"column":12},"end":{"line":68,"column":18}},"type":"if","locations":[{"start":{"line":64,"column":12},"end":{"line":68,"column":18}}]},"1":{"loc":{"start":{"line":77,"column":12},"end":{"line":77,"column":54}},"type":"if","locations":[{"start":{"line":77,"column":12},"end":{"line":77,"column":54}}]},"2":{"loc":{"start":{"line":100,"column":12},"end":{"line":100,"column":94}},"type":"if","locations":[{"start":{"line":100,"column":12},"end":{"line":100,"column":94}}]},"3":{"loc":{"start":{"line":104,"column":12},"end":{"line":105,"column":91}},"type":"if","locations":[{"start":{"line":104,"column":12},"end":{"line":105,"column":91}}]},"4":{"loc":{"start":{"line":111,"column":12},"end":{"line":111,"column":54}},"type":"if","locations":[{"start":{"line":111,"column":12},"end":{"line":111,"column":54}}]},"5":{"loc":{"start":{"line":126,"column":12},"end":{"line":126,"column":90}},"type":"if","locations":[{"start":{"line":126,"column":12},"end":{"line":126,"column":90}}]},"6":{"loc":{"start":{"line":138,"column":12},"end":{"line":138,"column":54}},"type":"if","locations":[{"start":{"line":138,"column":12},"end":{"line":138,"column":54}}]}},"s":{"0":1,"1":1,"2":1,"3":1,"4":1,"5":1,"6":1,"7":1,"8":1,"9":1,"10":1,"11":1,"12":1,"13":1,"14":1,"15":0,"16":0,"17":0,"18":0,"19":0,"20":0,"21":0,"22":0,"23":0,"24":0,"25":0,"26":0,"27":0,"28":0,"29":0,"30":0,"31":0,"32":0,"33":0,"34":0,"35":0,"36":0,"37":0,"38":0,"39":0,"40":0,"41":0,"42":0,"43":0,"44":0,"45":0,"46":0,"47":0,"48":0,"49":0,"50":0,"51":0,"52":0,"53":1,"54":1},"f":{"0":1,"1":0,"2":0,"3":0,"4":0},"b":{"0":[0],"1":[0],"2":[0],"3":[0],"4":[0],"5":[0],"6":[0]}}
,"/Users/nueiei/Documents/Example/book-store/src/modules/member/member.module.ts": {"path":"/Users/nueiei/Documents/Example/book-store/src/modules/member/member.module.ts","statementMap":{"0":{"start":{"line":1,"column":0},"end":{"line":1,"column":95}},"1":{"start":{"line":2,"column":0},"end":{"line":2,"column":40}},"2":{"start":{"line":3,"column":0},"end":{"line":3,"column":9}},"3":{"start":{"line":18,"column":9},"end":{"line":3,"column":50}},"4":{"start":{"line":4,"column":0},"end":{"line":4,"column":55}},"5":{"start":{"line":16,"column":7},"end":{"line":16,"column":null}},"6":{"start":{"line":16,"column":13},"end":{"line":16,"column":null}},"7":{"start":{"line":16,"column":13},"end":{"line":16,"column":25}}},"fnMap":{"0":{"name":"(anonymous_1)","decl":{"start":{"line":18,"column":9},"end":{"line":18,"column":22}},"loc":{"start":{"line":18,"column":9},"end":{"line":3,"column":50}}}},"branchMap":{},"s":{"0":0,"1":0,"2":0,"3":0,"4":0,"5":0,"6":0,"7":0},"f":{"0":0},"b":{}}
}
